0 info it worked if it ends with ok
1 verbose cli [ '/Users/danetag/.nvm/versions/node/v5.0.0/bin/node',
1 verbose cli   '/Users/danetag/.nvm/versions/node/v5.0.0/bin/npm',
1 verbose cli   'owner',
1 verbose cli   'add',
1 verbose cli   'abhayarawal' ]
2 info using npm@3.3.6
3 info using node@v5.0.0
4 verbose owner add abhayarawal to redux-watch-immutable
5 silly mapToRegistry name -/user/org.couchdb.user:abhayarawal
6 silly mapToRegistry using default registry
7 silly mapToRegistry registry https://registry.npmjs.org/
8 silly mapToRegistry uri https://registry.npmjs.org/-/user/org.couchdb.user:abhayarawal
9 verbose request uri https://registry.npmjs.org/-/user/org.couchdb.user:abhayarawal
10 verbose request new user, so can't send auth
11 info attempt registry request try #1 at 9:04:42 PM
12 verbose request using bearer token for auth
13 verbose request id 5c498db194559c54
14 http request GET https://registry.npmjs.org/-/user/org.couchdb.user:abhayarawal
15 http 404 https://registry.npmjs.org/-/user/org.couchdb.user:abhayarawal
16 verbose headers { 'content-type': 'application/json',
16 verbose headers   'cache-control': 'max-age=0',
16 verbose headers   'content-length': '12',
16 verbose headers   'accept-ranges': 'bytes',
16 verbose headers   date: 'Thu, 22 Jun 2017 01:04:43 GMT',
16 verbose headers   via: '1.1 varnish',
16 verbose headers   connection: 'keep-alive',
16 verbose headers   'x-served-by': 'cache-jfk8128-JFK',
16 verbose headers   'x-cache': 'MISS',
16 verbose headers   'x-cache-hits': '0',
16 verbose headers   'x-timer': 'S1498093483.657868,VS0,VE346' }
17 silly get cb [ 404,
17 silly get   { 'content-type': 'application/json',
17 silly get     'cache-control': 'max-age=0',
17 silly get     'content-length': '12',
17 silly get     'accept-ranges': 'bytes',
17 silly get     date: 'Thu, 22 Jun 2017 01:04:43 GMT',
17 silly get     via: '1.1 varnish',
17 silly get     connection: 'keep-alive',
17 silly get     'x-served-by': 'cache-jfk8128-JFK',
17 silly get     'x-cache': 'MISS',
17 silly get     'x-cache-hits': '0',
17 silly get     'x-timer': 'S1498093483.657868,VS0,VE346' } ]
18 error owner mutate Error getting user data for abhayarawal
19 verbose stack Error: Registry returned 404 for GET on https://registry.npmjs.org/-/user/org.couchdb.user:abhayarawal
19 verbose stack     at makeError (/Users/danetag/.nvm/versions/node/v5.0.0/lib/node_modules/npm/node_modules/npm-registry-client/lib/request.js:264:12)
19 verbose stack     at CachingRegistryClient.<anonymous> (/Users/danetag/.nvm/versions/node/v5.0.0/lib/node_modules/npm/node_modules/npm-registry-client/lib/request.js:242:14)
19 verbose stack     at Request._callback (/Users/danetag/.nvm/versions/node/v5.0.0/lib/node_modules/npm/node_modules/npm-registry-client/lib/request.js:172:14)
19 verbose stack     at Request.self.callback (/Users/danetag/.nvm/versions/node/v5.0.0/lib/node_modules/npm/node_modules/request/request.js:198:22)
19 verbose stack     at emitTwo (events.js:87:13)
19 verbose stack     at Request.emit (events.js:172:7)
19 verbose stack     at Request.<anonymous> (/Users/danetag/.nvm/versions/node/v5.0.0/lib/node_modules/npm/node_modules/request/request.js:1063:14)
19 verbose stack     at emitOne (events.js:82:20)
19 verbose stack     at Request.emit (events.js:169:7)
19 verbose stack     at IncomingMessage.<anonymous> (/Users/danetag/.nvm/versions/node/v5.0.0/lib/node_modules/npm/node_modules/request/request.js:1009:12)
20 verbose statusCode 404
21 verbose cwd /Users/danetag/Sites/libs/redux-watch-immutable
22 error Darwin 16.6.0
23 error argv "/Users/danetag/.nvm/versions/node/v5.0.0/bin/node" "/Users/danetag/.nvm/versions/node/v5.0.0/bin/npm" "owner" "add" "abhayarawal"
24 error node v5.0.0
25 error npm  v3.3.6
26 error code E404
27 error 404 Registry returned 404 for GET on https://registry.npmjs.org/-/user/org.couchdb.user:abhayarawal
28 verbose exit [ 1, true ]
